[debug] [2018-03-04T18:26:17.736Z] ----------------------------------------------------------------------
[debug] [2018-03-04T18:26:17.740Z] Command:       /Users/dwhitehead/.nvm/versions/node/v6.11.1/bin/node /usr/local/bin/firebase experimental:functions:shell --debug
[debug] [2018-03-04T18:26:17.742Z] CLI Version:   3.17.4
[debug] [2018-03-04T18:26:17.742Z] Platform:      darwin
[debug] [2018-03-04T18:26:17.742Z] Node Version:  v6.11.1
[debug] [2018-03-04T18:26:17.743Z] Time:          Sun Mar 04 2018 13:26:17 GMT-0500 (EST)
[debug] [2018-03-04T18:26:17.743Z] ----------------------------------------------------------------------
[debug] 
[debug] [2018-03-04T18:26:17.760Z] > command requires scopes: ["email","openid","https://www.googleapis.com/auth/cloudplatformprojects.readonly","https://www.googleapis.com/auth/firebase","https://www.googleapis.com/auth/cloud-platform"]
[debug] [2018-03-04T18:26:17.760Z] > authorizing via signed-in user
[debug] [2018-03-04T18:26:17.764Z] >>> HTTP REQUEST GET https://admin.firebase.com/v1/projects/shayr-a2346  
  
 Sun Mar 04 2018 13:26:17 GMT-0500 (EST)
[debug] [2018-03-04T18:26:18.870Z] <<< HTTP RESPONSE 200
[debug] [2018-03-04T18:26:18.872Z] >>> HTTP REQUEST GET https://admin.firebase.com/v1/database/shayr-a2346/tokens  
  
 Sun Mar 04 2018 13:26:18 GMT-0500 (EST)
[debug] [2018-03-04T18:26:50.263Z] <<< HTTP RESPONSE 200
[warn] ⚠  functions: Cannot start emulator. Error: Module version mismatch. Expected 48, got 59.
[debug] [2018-03-04T18:29:43.339Z] ----------------------------------------------------------------------
[debug] [2018-03-04T18:29:43.343Z] Command:       /Users/dwhitehead/.nvm/versions/node/v6.11.1/bin/node /usr/local/bin/firebase experimental:functions:shell --debug
[debug] [2018-03-04T18:29:43.344Z] CLI Version:   3.17.4
[debug] [2018-03-04T18:29:43.344Z] Platform:      darwin
[debug] [2018-03-04T18:29:43.344Z] Node Version:  v6.11.1
[debug] [2018-03-04T18:29:43.345Z] Time:          Sun Mar 04 2018 13:29:43 GMT-0500 (EST)
[debug] [2018-03-04T18:29:43.345Z] ----------------------------------------------------------------------
[debug] 
[debug] [2018-03-04T18:29:43.361Z] > command requires scopes: ["email","openid","https://www.googleapis.com/auth/cloudplatformprojects.readonly","https://www.googleapis.com/auth/firebase","https://www.googleapis.com/auth/cloud-platform"]
[debug] [2018-03-04T18:29:43.361Z] > authorizing via signed-in user
[debug] [2018-03-04T18:29:43.364Z] > refreshing access token with scopes: ["email","https://www.googleapis.com/auth/cloud-platform","https://www.googleapis.com/auth/cloudplatformprojects.readonly","https://www.googleapis.com/auth/firebase","openid"]
[debug] [2018-03-04T18:29:43.364Z] >>> HTTP REQUEST POST https://www.googleapis.com/oauth2/v3/token  
 { refresh_token: '1/LKusdMZcr8QZ9nY1BN8HYj8xm11EA6ajkNJp90KJsWU',
  client_id: '563584335869-fgrhgmd47bqnekij5i8b5pr03ho849e6.apps.googleusercontent.com',
  client_secret: 'j9iVZfS8kkCEFUPaAeJV0sAi',
  grant_type: 'refresh_token',
  scope: 'email https://www.googleapis.com/auth/cloud-platform https://www.googleapis.com/auth/cloudplatformprojects.readonly https://www.googleapis.com/auth/firebase openid' } 
 Sun Mar 04 2018 13:29:43 GMT-0500 (EST)
[debug] [2018-03-04T18:29:43.571Z] <<< HTTP RESPONSE 200
[debug] [2018-03-04T18:29:43.585Z] >>> HTTP REQUEST GET https://admin.firebase.com/v1/projects/shayr-a2346  
  
 Sun Mar 04 2018 13:29:43 GMT-0500 (EST)
[debug] [2018-03-04T18:29:44.670Z] <<< HTTP RESPONSE 200
[debug] [2018-03-04T18:29:44.671Z] >>> HTTP REQUEST GET https://admin.firebase.com/v1/database/shayr-a2346/tokens  
  
 Sun Mar 04 2018 13:29:44 GMT-0500 (EST)
[debug] [2018-03-04T18:29:57.398Z] <<< HTTP RESPONSE 200
[warn] ⚠  functions: Cannot start emulator. Error: Module version mismatch. Expected 48, got 59.
[debug] [2018-03-04T18:35:40.858Z] ----------------------------------------------------------------------
[debug] [2018-03-04T18:35:40.862Z] Command:       /Users/dwhitehead/.nvm/versions/node/v6.11.1/bin/node /usr/local/bin/firebase experimental:functions:shell --debug
[debug] [2018-03-04T18:35:40.863Z] CLI Version:   3.17.4
[debug] [2018-03-04T18:35:40.863Z] Platform:      darwin
[debug] [2018-03-04T18:35:40.863Z] Node Version:  v6.11.1
[debug] [2018-03-04T18:35:40.864Z] Time:          Sun Mar 04 2018 13:35:40 GMT-0500 (EST)
[debug] [2018-03-04T18:35:40.864Z] ----------------------------------------------------------------------
[debug] 
[debug] [2018-03-04T18:35:40.882Z] > command requires scopes: ["email","openid","https://www.googleapis.com/auth/cloudplatformprojects.readonly","https://www.googleapis.com/auth/firebase","https://www.googleapis.com/auth/cloud-platform"]
[debug] [2018-03-04T18:35:40.882Z] > authorizing via signed-in user
[debug] [2018-03-04T18:35:40.886Z] >>> HTTP REQUEST GET https://admin.firebase.com/v1/projects/shayr-a2346  
  
 Sun Mar 04 2018 13:35:40 GMT-0500 (EST)
[debug] [2018-03-04T18:35:43.927Z] <<< HTTP RESPONSE 200
[debug] [2018-03-04T18:35:43.929Z] >>> HTTP REQUEST GET https://admin.firebase.com/v1/database/shayr-a2346/tokens  
  
 Sun Mar 04 2018 13:35:43 GMT-0500 (EST)
[debug] [2018-03-04T18:36:11.648Z] <<< HTTP RESPONSE 200
[warn] ⚠  functions: Cannot start emulator. Error: Module version mismatch. Expected 48, got 59.
[debug] [2018-03-04T18:42:10.997Z] ----------------------------------------------------------------------
[debug] [2018-03-04T18:42:11.001Z] Command:       /Users/dwhitehead/.nvm/versions/node/v6.11.1/bin/node /usr/local/bin/firebase experimental:functions:shell --debug
[debug] [2018-03-04T18:42:11.002Z] CLI Version:   3.17.4
[debug] [2018-03-04T18:42:11.002Z] Platform:      darwin
[debug] [2018-03-04T18:42:11.002Z] Node Version:  v6.11.1
[debug] [2018-03-04T18:42:11.002Z] Time:          Sun Mar 04 2018 13:42:11 GMT-0500 (EST)
[debug] [2018-03-04T18:42:11.003Z] ----------------------------------------------------------------------
[debug] 
[debug] [2018-03-04T18:42:11.028Z] > command requires scopes: ["email","openid","https://www.googleapis.com/auth/cloudplatformprojects.readonly","https://www.googleapis.com/auth/firebase","https://www.googleapis.com/auth/cloud-platform"]
[debug] [2018-03-04T18:42:11.028Z] > authorizing via signed-in user
[debug] [2018-03-04T18:42:11.033Z] >>> HTTP REQUEST GET https://admin.firebase.com/v1/projects/shayr-a2346  
  
 Sun Mar 04 2018 13:42:11 GMT-0500 (EST)
[debug] [2018-03-04T18:42:12.011Z] <<< HTTP RESPONSE 200
[debug] [2018-03-04T18:42:12.012Z] >>> HTTP REQUEST GET https://admin.firebase.com/v1/database/shayr-a2346/tokens  
  
 Sun Mar 04 2018 13:42:12 GMT-0500 (EST)
[debug] [2018-03-04T18:42:25.119Z] <<< HTTP RESPONSE 200
[warn] ⚠  functions: Cannot start emulator. Error: Module version mismatch. Expected 48, got 59.
[debug] [2018-03-04T18:43:17.582Z] ----------------------------------------------------------------------
[debug] [2018-03-04T18:43:17.587Z] Command:       /Users/dwhitehead/.nvm/versions/node/v6.11.1/bin/node /usr/local/bin/firebase experimental:functions:shell --debug
[debug] [2018-03-04T18:43:17.588Z] CLI Version:   3.17.4
[debug] [2018-03-04T18:43:17.588Z] Platform:      darwin
[debug] [2018-03-04T18:43:17.588Z] Node Version:  v6.11.1
[debug] [2018-03-04T18:43:17.588Z] Time:          Sun Mar 04 2018 13:43:17 GMT-0500 (EST)
[debug] [2018-03-04T18:43:17.589Z] ----------------------------------------------------------------------
[debug] 
[debug] [2018-03-04T18:43:17.611Z] > command requires scopes: ["email","openid","https://www.googleapis.com/auth/cloudplatformprojects.readonly","https://www.googleapis.com/auth/firebase","https://www.googleapis.com/auth/cloud-platform"]
[debug] [2018-03-04T18:43:17.611Z] > authorizing via signed-in user
[debug] [2018-03-04T18:43:17.617Z] >>> HTTP REQUEST GET https://admin.firebase.com/v1/projects/shayr-a2346  
  
 Sun Mar 04 2018 13:43:17 GMT-0500 (EST)
[debug] [2018-03-04T18:43:18.760Z] <<< HTTP RESPONSE 200
[debug] [2018-03-04T18:43:18.762Z] >>> HTTP REQUEST GET https://admin.firebase.com/v1/database/shayr-a2346/tokens  
  
 Sun Mar 04 2018 13:43:18 GMT-0500 (EST)
[debug] [2018-03-04T18:43:58.740Z] <<< HTTP RESPONSE 200
[warn] ⚠  functions: Cannot start emulator. Error: Module version mismatch. Expected 48, got 59.
